2015-03-17T13:53:22.069855+09:00		sql	0.020239	1:(localhost) SELECT * FROM thread; ()
2015-03-17T13:58:17.717327+09:00		sql	0.000210	1:(localhost) SELECT * FROM thread; ()
2015-03-17T14:01:11.467663+09:00		sql	0.000240	1:(localhost) SELECT * FROM thread; ()
2015-03-17T15:22:54.147808+09:00		sql	0.002130	1:(localhost) SELECT * FROM thread; ()
2015-03-17T15:23:24.066179+09:00		sql	0.000241	1:(localhost) SELECT * FROM thread; ()
2015-03-17T16:27:49.028962+09:00		sql	0.000204	1:(localhost) SELECT * FROM thread; ()
2015-03-17T16:27:50.905514+09:00		sql	0.000245	1:(localhost) SELECT * FROM thread; ()
2015-03-17T16:28:22.231314+09:00		sql	0.000272	1:(localhost) SELECT * FROM thread; ()
2015-03-17T16:28:23.577667+09:00		sql	0.000217	1:(localhost) SELECT * FROM thread; ()
2015-03-17T16:28:29.768275+09:00		sql	0.000217	1:(localhost) SELECT * FROM thread; ()
2015-03-17T17:02:16.986134+09:00		sql	0.000242	1:(localhost) SELECT * FROM thread; ()
2015-03-17T17:05:07.347303+09:00		sql	0.000498	1:(localhost) SELECT * FROM thread; ()
2015-03-17T17:08:41.782253+09:00		sql	0.000866	1:(localhost) SELECT * FROM thread; ()
2015-03-17T17:42:04.861422+09:00		sql	0.000235	1:(localhost) SELECT * FROM thread; ()
2015-03-17T17:43:00.068899+09:00		sql	0.014734	1:(localhost) SELECT * FROM thread WHERE  id = ?; (2)
2015-03-17T17:49:34.624013+09:00		sql	0.000205	1:(localhost) SELECT * FROM thread WHERE  id = ?; (2)
2015-03-17T17:49:38.418994+09:00		sql	0.000253	1:(localhost) SELECT * FROM thread WHERE  id = ?; (1)
2015-03-17T17:49:45.946635+09:00		sql	0.001844	1:(localhost) SELECT * FROM thread WHERE  id = ?; (2)
2015-03-17T17:51:26.659751+09:00		sql	0.000464	1:(localhost) SELECT * FROM thread WHERE  id = ?; (2)
2015-03-17T18:32:25.941276+09:00		sql	0.000682	1:(localhost) SELECT * FROM thread WHERE  id = ?; (2)
2015-03-17T18:33:33.041812+09:00		sql	0.000841	1:(localhost) SELECT * FROM thread WHERE  id = ?; (2)
2015-03-17T18:33:38.890988+09:00		sql	0.000285	1:(localhost) SELECT * FROM thread WHERE  id = ?; (2)
2015-03-17T18:33:53.691977+09:00		sql	0.001209	1:(localhost) SELECT * FROM thread WHERE  id = ?; (2)
2015-03-17T18:33:55.674771+09:00		sql	0.002588	1:(localhost) SELECT * FROM thread WHERE  id = ?; (2)
2015-03-17T18:33:57.522368+09:00		sql	0.000850	1:(localhost) SELECT * FROM thread WHERE  id = ?; (2)
2015-03-17T18:33:59.114307+09:00		sql	0.000277	1:(localhost) SELECT * FROM thread WHERE  id = ?; (2)
2015-03-17T18:35:03.471152+09:00		sql	0.000259	1:(localhost) SELECT * FROM thread WHERE  id = ?; (2)
2015-03-17T18:35:08.405956+09:00		sql	0.000205	1:(localhost) SELECT * FROM thread; ()
2015-03-17T18:35:09.787695+09:00		sql	0.001040	1:(localhost) SELECT * FROM thread WHERE  id = ?; (1)
2015-03-17T18:35:13.601125+09:00		sql	0.000226	1:(localhost) SELECT * FROM thread WHERE  id = ?; (2)
2015-03-17T18:35:33.987272+09:00		sql	0.000227	1:(localhost) SELECT * FROM thread WHERE  id = ?; (2)
2015-03-17T18:35:35.371477+09:00		sql	0.000272	1:(localhost) SELECT * FROM thread WHERE  id = ?; (2)
2015-03-17T18:35:38.625272+09:00		sql	0.000261	1:(localhost) SELECT * FROM thread; ()
2015-03-17T18:35:40.575456+09:00		sql	0.000250	1:(localhost) SELECT * FROM thread WHERE  id = ?; (2)
2015-03-17T18:36:41.343614+09:00		sql	0.000231	1:(localhost) SELECT * FROM thread WHERE  id = ?; (2)
2015-03-17T18:36:43.885723+09:00		sql	0.000222	1:(localhost) SELECT * FROM thread; ()
2015-03-17T18:36:44.983305+09:00		sql	0.000321	1:(localhost) SELECT * FROM thread WHERE  id = ?; (2)
2015-03-17T18:41:00.994272+09:00		sql	0.000856	1:(localhost) SELECT * FROM thread WHERE  id = ?; (2)
2015-03-17T18:41:04.063487+09:00		sql	0.000331	1:(localhost) SELECT * FROM thread; ()
2015-03-17T18:41:04.074384+09:00		sql	0.000320	1:(localhost) SELECT * FROM thread WHERE  id = ?; (2)
2015-03-17T18:41:06.917159+09:00		sql	0.000240	1:(localhost) SELECT * FROM thread; ()
2015-03-17T18:43:23.962446+09:00		sql	0.000212	1:(localhost) SELECT * FROM thread; ()
2015-03-17T18:43:25.084338+09:00		sql	0.000261	1:(localhost) SELECT * FROM thread WHERE  id = ?; (1)
2015-03-17T18:43:28.298700+09:00		sql	0.000583	1:(localhost) SELECT * FROM thread WHERE  id = ?; (1)
2015-03-17T18:43:30.364741+09:00		sql	0.000330	1:(localhost) SELECT * FROM thread WHERE  id = ?; (2)
2015-03-17T18:43:32.280497+09:00		sql	0.000269	1:(localhost) SELECT * FROM thread WHERE  id = ?; (2)
2015-03-17T18:47:10.180799+09:00		sql	0.000295	1:(localhost) SELECT * FROM thread WHERE  id = ?; (2)
2015-03-17T18:51:39.466219+09:00		sql	0.000282	1:(localhost) SELECT * FROM thread WHERE  id = ?; (2)
2015-03-17T18:51:40.247114+09:00		sql	0.000263	1:(localhost) SELECT * FROM thread WHERE  id = ?; (2)
2015-03-17T18:51:41.774879+09:00		sql	0.000239	1:(localhost) SELECT * FROM thread WHERE  id = ?; (2)
2015-03-17T18:53:00.081699+09:00		sql	0.000250	1:(localhost) SELECT * FROM thread WHERE  id = ?; (2)
2015-03-17T18:53:00.098155+09:00		sql	0.015132	2:(localhost) SELECT * FROM comment WHERE thread_id = ? ORDER BY created ASC; (2)
2015-03-17T18:53:03.622851+09:00		sql	0.000265	1:(localhost) SELECT * FROM thread WHERE  id = ?; (2)
2015-03-17T18:53:03.623557+09:00		sql	0.000470	2:(localhost) SELECT * FROM comment WHERE thread_id = ? ORDER BY created ASC; (2)
2015-03-17T18:53:06.811778+09:00		sql	0.000289	1:(localhost) SELECT * FROM thread WHERE  id = ?; (1)
2015-03-17T18:53:06.815768+09:00		sql	0.003738	2:(localhost) SELECT * FROM comment WHERE thread_id = ? ORDER BY created ASC; (1)
2015-03-17T18:54:35.947601+09:00		sql	0.000244	1:(localhost) SELECT * FROM thread WHERE  id = ?; (1)
2015-03-17T18:54:35.948100+09:00		sql	0.000227	2:(localhost) SELECT * FROM comment WHERE thread_id = ? ORDER BY created ASC; (1)
2015-03-18T14:24:02.411485+09:00		sql	0.047973	1:(localhost) SELECT * FROM thread; ()
2015-03-18T14:24:03.407765+09:00		sql	0.004622	1:(localhost) SELECT * FROM thread WHERE  id = ?; (1)
2015-03-18T14:24:03.416943+09:00		sql	0.008894	2:(localhost) SELECT * FROM comment WHERE thread_id = ? ORDER BY created ASC; (1)
2015-03-18T14:24:21.889698+09:00		sql	0.000598	1:(localhost) SELECT * FROM thread WHERE  id = ?; (2)
2015-03-18T14:24:21.891250+09:00		sql	0.000622	2:(localhost) SELECT * FROM comment WHERE thread_id = ? ORDER BY created ASC; (2)
2015-03-23T11:39:00.582810+09:00		sql	0.047796	1:(localhost) SELECT * FROM thread WHERE  id = ?; (2)
2015-03-23T11:39:00.592679+09:00		sql	0.008427	2:(localhost) SELECT * FROM comment WHERE thread_id = ? ORDER BY created ASC; (2)
2015-03-23T11:51:38.529461+09:00		sql	0.005271	1:(localhost) SELECT * FROM thread; ()
2015-03-23T11:52:53.422431+09:00		sql	0.000528	1:(localhost) SELECT * FROM thread WHERE  id = ?; (1)
2015-03-23T11:52:53.426626+09:00		sql	0.003250	2:(localhost) SELECT * FROM comment WHERE thread_id = ? ORDER BY created ASC; (1)
2015-03-23T11:53:03.427105+09:00		sql	0.001376	1:(localhost) SELECT * FROM thread WHERE  id = ?; (2)
2015-03-23T11:53:03.427551+09:00		sql	0.000192	2:(localhost) SELECT * FROM comment WHERE thread_id = ? ORDER BY created ASC; (2)
2015-03-23T11:53:08.388036+09:00		sql	0.000331	1:(localhost) SELECT * FROM thread WHERE  id = ?; (1)
2015-03-23T11:53:08.388877+09:00		sql	0.000531	2:(localhost) SELECT * FROM comment WHERE thread_id = ? ORDER BY created ASC; (1)
2015-03-23T13:14:34.121442+09:00		sql	0.052698	1:(localhost) SELECT * FROM thread WHERE  id = ?; (1)
2015-03-23T13:14:34.132263+09:00		sql	0.009179	2:(localhost) SELECT * FROM comment WHERE thread_id = ? ORDER BY created ASC; (1)
2015-03-23T13:30:23.645600+09:00		sql	0.002190	1:(localhost) SELECT * FROM thread; ()
2015-03-23T13:30:25.568552+09:00		sql	0.000630	1:(localhost) SELECT * FROM thread WHERE  id = ?; (1)
2015-03-23T13:30:25.570032+09:00		sql	0.001238	2:(localhost) SELECT * FROM comment WHERE thread_id = ? ORDER BY created ASC; (1)
2015-03-23T13:30:33.272098+09:00		sql	0.003608	1:(localhost) SELECT * FROM thread WHERE  id = ?; ()
2015-03-23T13:32:32.424069+09:00		sql	0.001549	1:(localhost) SELECT * FROM thread WHERE  id = ?; (1)
2015-03-23T13:32:32.425979+09:00		sql	0.000587	2:(localhost) SELECT * FROM comment WHERE thread_id = ? ORDER BY created ASC; (1)
2015-03-23T13:32:39.351818+09:00		sql	0.000931	1:(localhost) SELECT * FROM thread WHERE  id = ?; (1)
2015-03-23T13:33:00.014338+09:00		sql	0.000277	1:(localhost) SELECT * FROM thread WHERE  id = ?; (1)
2015-03-23T13:33:14.416423+09:00		sql	0.000507	1:(localhost) SELECT * FROM thread; ()
2015-03-23T13:33:15.536128+09:00		sql	0.000338	1:(localhost) SELECT * FROM thread WHERE  id = ?; (1)
2015-03-23T13:33:15.537175+09:00		sql	0.000763	2:(localhost) SELECT * FROM comment WHERE thread_id = ? ORDER BY created ASC; (1)
2015-03-23T13:33:19.816730+09:00		sql	0.000471	1:(localhost) SELECT * FROM thread WHERE  id = ?; (1)
2015-03-23T13:37:49.045339+09:00		sql	0.000213	1:(localhost) SELECT * FROM thread WHERE  id = ?; (1)
2015-03-23T13:37:49.046507+09:00		sql	0.000567	2:(localhost) SELECT * FROM comment WHERE thread_id = ? ORDER BY created ASC; (1)
2015-03-23T13:37:54.371637+09:00		sql	0.001291	1:(localhost) SELECT * FROM thread WHERE  id = ?; (1)
2015-03-23T13:38:20.886466+09:00		sql	0.000206	1:(localhost) SELECT * FROM thread WHERE  id = ?; (1)
2015-03-23T13:38:20.886897+09:00		sql	0.000205	2:(localhost) SELECT * FROM comment WHERE thread_id = ? ORDER BY created ASC; (1)
2015-03-23T13:38:25.022037+09:00		sql	0.000954	1:(localhost) SELECT * FROM thread WHERE  id = ?; (1)
2015-03-23T13:38:57.271947+09:00		sql	0.001936	1:(localhost) SELECT * FROM thread WHERE  id = ?; (1)
2015-03-23T13:39:03.464166+09:00		sql	0.000827	1:(localhost) SELECT * FROM thread WHERE  id = ?; (1)
2015-03-23T13:39:31.116456+09:00		sql	0.000209	1:(localhost) SELECT * FROM thread WHERE  id = ?; (1)
2015-03-23T13:39:31.116860+09:00		sql	0.000202	2:(localhost) SELECT * FROM comment WHERE thread_id = ? ORDER BY created ASC; (1)
2015-03-23T13:39:35.161374+09:00		sql	0.000243	1:(localhost) SELECT * FROM thread WHERE  id = ?; (1)
2015-03-23T13:53:13.610188+09:00		sql	0.000253	1:(localhost) SELECT * FROM thread WHERE  id = ?; (1)
2015-03-23T13:53:46.873945+09:00		sql	0.000236	1:(localhost) SELECT * FROM thread WHERE  id = ?; (1)
2015-03-23T13:54:19.000528+09:00		sql	0.000206	1:(localhost) SELECT * FROM thread WHERE  id = ?; (1)
2015-03-23T13:55:58.553397+09:00		sql	0.000235	1:(localhost) SELECT * FROM thread WHERE  id = ?; (1)
2015-03-23T13:55:58.555672+09:00		sql	0.001392	2:(localhost) SELECT * FROM comment WHERE thread_id = ? ORDER BY created ASC; (1)
2015-03-23T13:56:03.985053+09:00		sql	0.000605	1:(localhost) SELECT * FROM thread WHERE  id = ?; (1)
2015-03-23T13:57:11.873976+09:00		sql	0.000225	1:(localhost) SELECT * FROM thread WHERE  id = ?; (1)
2015-03-23T14:00:47.641514+09:00		sql	0.000243	1:(localhost) SELECT * FROM thread WHERE  id = ?; (1)
2015-03-23T14:02:01.110499+09:00		sql	0.000209	1:(localhost) SELECT * FROM thread WHERE  id = ?; (1)
2015-03-23T14:02:18.296579+09:00		sql	0.002006	1:(localhost) SELECT * FROM thread WHERE  id = ?; (1)
2015-03-23T14:03:06.850332+09:00		sql	0.000213	1:(localhost) SELECT * FROM thread WHERE  id = ?; (1)
2015-03-23T14:03:27.808110+09:00		sql	0.000741	1:(localhost) SELECT * FROM thread WHERE  id = ?; (1)
2015-03-23T14:03:42.883361+09:00		sql	0.000251	1:(localhost) SELECT * FROM thread WHERE  id = ?; (1)
2015-03-23T14:04:12.211320+09:00		sql	0.000209	1:(localhost) SELECT * FROM thread WHERE  id = ?; (1)
2015-03-23T14:05:18.511400+09:00		sql	0.000254	1:(localhost) SELECT * FROM thread WHERE  id = ?; (1)
2015-03-23T14:05:18.543752+09:00		sql	0.032002	2:(localhost) INSERT INTO comment SET thread_id = ?, username = ?, body = ?, created = NOW(); (1, avie, try )
2015-03-23T14:05:33.874592+09:00		sql	0.000244	1:(localhost) SELECT * FROM thread WHERE  id = ?; (1)
2015-03-23T14:05:33.875174+09:00		sql	0.000289	2:(localhost) SELECT * FROM comment WHERE thread_id = ? ORDER BY created ASC; (1)
2015-03-23T14:05:49.797108+09:00		sql	0.000251	1:(localhost) SELECT * FROM thread WHERE  id = ?; (1)
2015-03-23T14:05:49.798797+09:00		sql	0.001220	2:(localhost) INSERT INTO comment SET thread_id = ?, username = ?, body = ?, created = NOW(); (1, cello-j, try one )
2015-03-23T14:06:47.413662+09:00		sql	0.000216	1:(localhost) SELECT * FROM thread WHERE  id = ?; (1)
2015-03-23T14:06:47.416542+09:00		sql	0.001823	2:(localhost) INSERT INTO comment SET thread_id = ?, username = ?, body = ?, created = NOW(); (1, cello-j, try one )
2015-03-23T14:06:50.838306+09:00		sql	0.000248	1:(localhost) SELECT * FROM thread WHERE  id = ?; (1)
2015-03-23T14:06:50.841458+09:00		sql	0.002896	2:(localhost) SELECT * FROM comment WHERE thread_id = ? ORDER BY created ASC; (1)
2015-03-23T14:07:05.540916+09:00		sql	0.000316	1:(localhost) SELECT * FROM thread WHERE  id = ?; (1)
2015-03-23T14:07:05.542087+09:00		sql	0.000633	2:(localhost) SELECT * FROM comment WHERE thread_id = ? ORDER BY created ASC; (1)
2015-03-23T14:07:10.664508+09:00		sql	0.000233	1:(localhost) SELECT * FROM thread; ()
2015-03-23T14:07:11.675226+09:00		sql	0.000308	1:(localhost) SELECT * FROM thread WHERE  id = ?; (2)
2015-03-23T14:07:11.675997+09:00		sql	0.000573	2:(localhost) SELECT * FROM comment WHERE thread_id = ? ORDER BY created ASC; (2)
2015-03-23T14:07:18.451429+09:00		sql	0.000545	1:(localhost) SELECT * FROM thread WHERE  id = ?; (2)
2015-03-23T14:07:18.453122+09:00		sql	0.001271	2:(localhost) INSERT INTO comment SET thread_id = ?, username = ?, body = ?, created = NOW(); (2, avie, thread 2 sample )
2015-03-23T14:07:20.060407+09:00		sql	0.000223	1:(localhost) SELECT * FROM thread WHERE  id = ?; (2)
2015-03-23T14:07:20.060843+09:00		sql	0.000214	2:(localhost) SELECT * FROM comment WHERE thread_id = ? ORDER BY created ASC; (2)
